<?xml version="1.0" encoding="UTF-8"?>
<testng-results ignored="0" total="1" passed="1" failed="0" skipped="0">
  <reporter-output>
  </reporter-output>
  <suite started-at="2024-09-05T12:55:19 IST" name="Default suite" finished-at="2024-09-05T12:57:02 IST" duration-ms="102453">
    <groups>
    </groups>
    <test started-at="2024-09-05T12:55:19 IST" name="Default test" finished-at="2024-09-05T12:57:02 IST" duration-ms="102453">
      <class name="cordPlay.CreateIdentityandVerify">
        <test-method is-config="true" signature="setUp()[pri:0, instance:cordPlay.CreateIdentityandVerify@59402b8f]" started-at="2024-09-05T12:55:19 IST" name="setUp" finished-at="2024-09-05T12:55:29 IST" duration-ms="9490" status="PASS">
          <reporter-output>
          </reporter-output>
        </test-method> <!-- setUp -->
        <test-method signature="testPlaygroundCordNetwork()[pri:0, instance:cordPlay.CreateIdentityandVerify@59402b8f]" started-at="2024-09-05T12:55:29 IST" name="testPlaygroundCordNetwork" finished-at="2024-09-05T12:57:01 IST" duration-ms="92517" status="PASS">
          <reporter-output>
          </reporter-output>
        </test-method> <!-- testPlaygroundCordNetwork -->
        <test-method is-config="true" signature="tearDown()[pri:0, instance:cordPlay.CreateIdentityandVerify@59402b8f]" started-at="2024-09-05T12:57:01 IST" name="tearDown" finished-at="2024-09-05T12:57:02 IST" duration-ms="274" status="PASS">
          <reporter-output>
          </reporter-output>
        </test-method> <!-- tearDown -->
      </class> <!-- cordPlay.CreateIdentityandVerify -->
    </test> <!-- Default test -->
  </suite> <!-- Default suite -->
</testng-results>
